!SESSION 2023-04-20 14:51:04.070 -----------------------------------------------
eclipse.buildId=unknown
java.version=11.0.18
java.vendor=Ubuntu
BootLoader constants: OS=linux, ARCH=x86_64, WS=gtk, NL=en_IN

!ENTRY org.eclipse.osgi 4 0 2023-04-20 14:51:04.175
!MESSAGE The -clean (osgi.clean) option was not successful. Unable to clean the storage area: /home/gp/Documents/Coursework-Sem2/IAS/Project/iot_app_dev_platform/onem2m_server/onem2m_server/configuration/org.eclipse.osgi

!ENTRY org.eclipse.osgi 4 0 2023-04-20 14:51:04.182
!MESSAGE Error reading configuration: /home/gp/Documents/Coursework-Sem2/IAS/Project/iot_app_dev_platform/onem2m_server/onem2m_server/configuration/org.eclipse.osgi/.manager/.fileTableLock (Permission denied)
!STACK 0
java.io.FileNotFoundException: /home/gp/Documents/Coursework-Sem2/IAS/Project/iot_app_dev_platform/onem2m_server/onem2m_server/configuration/org.eclipse.osgi/.manager/.fileTableLock (Permission denied)
	at java.base/java.io.RandomAccessFile.open0(Native Method)
	at java.base/java.io.RandomAccessFile.open(RandomAccessFile.java:345)
	at java.base/java.io.RandomAccessFile.<init>(RandomAccessFile.java:259)
	at java.base/java.io.RandomAccessFile.<init>(RandomAccessFile.java:214)
	at org.eclipse.osgi.internal.location.Locker_JavaNio.lock(Locker_JavaNio.java:36)
	at org.eclipse.osgi.storagemanager.StorageManager.lock(StorageManager.java:388)
	at org.eclipse.osgi.storagemanager.StorageManager.open(StorageManager.java:701)
	at org.eclipse.osgi.storage.Storage.getChildStorageManager(Storage.java:1749)
	at org.eclipse.osgi.storage.Storage.getInfoInputStream(Storage.java:1766)
	at org.eclipse.osgi.storage.Storage.<init>(Storage.java:126)
	at org.eclipse.osgi.storage.Storage.createStorage(Storage.java:85)
	at org.eclipse.osgi.internal.framework.EquinoxContainer.<init>(EquinoxContainer.java:75)
	at org.eclipse.osgi.launch.Equinox.<init>(Equinox.java:31)
	at org.eclipse.core.runtime.adaptor.EclipseStarter.startup(EclipseStarter.java:295)
	at org.eclipse.core.runtime.adaptor.EclipseStarter.run(EclipseStarter.java:231)
	at java.base/jdk.internal.reflect.NativeMethodAccessorImpl.invoke0(Native Method)
	at java.base/jdk.internal.reflect.NativeMethodAccessorImpl.invoke(NativeMethodAccessorImpl.java:62)
	at java.base/jdk.internal.reflect.DelegatingMethodAccessorImpl.invoke(DelegatingMethodAccessorImpl.java:43)
	at java.base/java.lang.reflect.Method.invoke(Method.java:566)
	at org.eclipse.equinox.launcher.Main.invokeFramework(Main.java:648)
	at org.eclipse.equinox.launcher.Main.basicRun(Main.java:603)
	at org.eclipse.equinox.launcher.Main.run(Main.java:1465)
	at org.eclipse.equinox.launcher.Main.main(Main.java:1438)
